This file contains any messages produced by compilers while
running configure, to aid debugging if configure makes a mistake.

It was created by configure, which was
generated by GNU Autoconf 2.69.  Invocation command line was

  $ ./configure --disable-option-checking --prefix=/usr/local --with-libuseful=no --cache-file=/dev/null --srcdir=.

## --------- ##
## Platform. ##
## --------- ##

hostname = beast
uname -m = x86_64
uname -r = 5.10.15-64
uname -s = Linux
uname -v = #18 SMP Wed Feb 10 15:42:19 GMT 2021

/usr/bin/uname -p = unknown
/bin/uname -X     = unknown

/bin/arch              = unknown
/usr/bin/arch -k       = unknown
/usr/convex/getsysinfo = unknown
/usr/bin/hostinfo      = unknown
/bin/machine           = unknown
/usr/bin/oslevel       = unknown
/bin/universe          = unknown

PATH: /usr/prebin
PATH: /home/colum/bin
PATH: /usr/local/bin
PATH: /usr/bin
PATH: /usr/X11R7/bin
PATH: /bin
PATH: /usr/games/bin
PATH: .
PATH: /opt/Drawing/bin
PATH: /opt/FLTK/bin
PATH: /opt/LibreCAD/bin
PATH: /opt/Paint3D/bin
PATH: /opt/Python-3.7.1/bin
PATH: /opt/Qt5/bin
PATH: /opt/SDL/bin
PATH: /opt/SDL2/bin
PATH: /opt/avr/bin
PATH: /opt/boinc_client-7.14.2/bin
PATH: /opt/brlcad-7.26.4/bin
PATH: /opt/clamav-0.100.1/bin
PATH: /opt/emulators/bin
PATH: /opt/games/bin
PATH: /opt/gifprogs-5.1.2/bin
PATH: /opt/git-2.27.0/bin
PATH: /opt/graphviz-2.40.1/bin
PATH: /opt/graphviz-2.43.20200407.0324/bin
PATH: /opt/jpegprogs-9c/bin
PATH: /opt/lua-5.3.4/bin
PATH: /opt/luajid-2.0.4/bin
PATH: /opt/mujs-1.0.5/bin
PATH: /opt/netpbm-10.66.02/bin
PATH: /opt/opengl/bin
PATH: /opt/openjdk-8u262/bin
PATH: /opt/perl-5.24.1/bin
PATH: /opt/pngprogs-1.6.30/bin
PATH: /opt/qemu-5.2.1_SDL/bin
PATH: /opt/rust-1.57.0/bin
PATH: /opt/sound-studio/bin
PATH: /opt/tcl-8.6.10/bin
PATH: /opt/tiffprogs-4.0.8/bin
PATH: /opt/wine-6.0/bin
PATH: /opt/xboinc_client-7.14.2/bin


## ----------- ##
## Core tests. ##
## ----------- ##

configure:2211: checking for gcc
configure:2227: found /usr/bin/gcc
configure:2238: result: gcc
configure:2467: checking for C compiler version
configure:2476: gcc --version >&5
gcc (GCC) 8.3.0
Copyright (C) 2018 Free Software Foundation, Inc.
This is free software; see the source for copying conditions.  There is NO
warranty; not even for MERCHANTABILITY or FITNESS FOR A PARTICULAR PURPOSE.

configure:2487: $? = 0
configure:2476: gcc -v >&5
Using built-in specs.
COLLECT_GCC=gcc
COLLECT_LTO_WRAPPER=/usr/libexec/gcc/i486-pc-linux-gnu/8.3.0/lto-wrapper
Target: i486-pc-linux-gnu
Configured with: ../gcc-8.3.0-src/configure --enable-languages=c,c++,go --disable-nls --disable-multilib --prefix=/usr --sysconfdir=/etc --includedir=/usr/include --localstatedir=/var --mandir=/usr/share/man --infodir=/usr/share/info --host=i486-pc-linux-gnu --build=i486-pc-linux-gnu --target=i486-pc-linux-gnu
Thread model: posix
gcc version 8.3.0 (GCC) 
configure:2487: $? = 0
configure:2476: gcc -V >&5
gcc: error: unrecognized command line option '-V'
gcc: fatal error: no input files
compilation terminated.
configure:2487: $? = 1
configure:2476: gcc -qversion >&5
gcc: error: unrecognized command line option '-qversion'; did you mean '--version'?
gcc: fatal error: no input files
compilation terminated.
configure:2487: $? = 1
configure:2507: checking whether the C compiler works
configure:2529: gcc    conftest.c  >&5
configure:2533: $? = 0
configure:2581: result: yes
configure:2584: checking for C compiler default output file name
configure:2586: result: a.out
configure:2592: checking for suffix of executables
configure:2599: gcc -o conftest    conftest.c  >&5
configure:2603: $? = 0
configure:2625: result: 
configure:2647: checking whether we are cross compiling
configure:2655: gcc -o conftest    conftest.c  >&5
configure:2659: $? = 0
configure:2666: ./conftest
configure:2670: $? = 0
configure:2685: result: no
configure:2690: checking for suffix of object files
configure:2712: gcc -c   conftest.c >&5
configure:2716: $? = 0
configure:2737: result: o
configure:2741: checking whether we are using the GNU C compiler
configure:2760: gcc -c   conftest.c >&5
configure:2760: $? = 0
configure:2769: result: yes
configure:2778: checking whether gcc accepts -g
configure:2798: gcc -c -g  conftest.c >&5
configure:2798: $? = 0
configure:2839: result: yes
configure:2856: checking for gcc option to accept ISO C89
configure:2919: gcc  -c -g -O2  conftest.c >&5
configure:2919: $? = 0
configure:2932: result: none needed
configure:2958: checking whether make sets $(MAKE)
configure:2980: result: yes
configure:2989: checking for grep that handles long lines and -e
configure:3047: result: /bin/grep
configure:3052: checking for egrep
configure:3114: result: /bin/grep -E
configure:3127: checking for special C compiler options needed for large files
configure:3172: result: no
configure:3178: checking for _FILE_OFFSET_BITS value needed for large files
configure:3203: gcc -c -g -O2  conftest.c >&5
conftest.c:14:33: warning: left shift count >= width of type [-Wshift-count-overflow]
 #define LARGE_OFF_T (((off_t) 1 << 62) - 1 + ((off_t) 1 << 62))
                                 ^~
conftest.c:15:23: note: in expansion of macro 'LARGE_OFF_T'
   int off_t_is_large[(LARGE_OFF_T % 2147483629 == 721
                       ^~~~~~~~~~~
conftest.c:14:57: warning: left shift count >= width of type [-Wshift-count-overflow]
 #define LARGE_OFF_T (((off_t) 1 << 62) - 1 + ((off_t) 1 << 62))
                                                         ^~
conftest.c:15:23: note: in expansion of macro 'LARGE_OFF_T'
   int off_t_is_large[(LARGE_OFF_T % 2147483629 == 721
                       ^~~~~~~~~~~
conftest.c:14:33: warning: left shift count >= width of type [-Wshift-count-overflow]
 #define LARGE_OFF_T (((off_t) 1 << 62) - 1 + ((off_t) 1 << 62))
                                 ^~
conftest.c:16:13: note: in expansion of macro 'LARGE_OFF_T'
          && LARGE_OFF_T % 2147483647 == 1)
             ^~~~~~~~~~~
conftest.c:14:57: warning: left shift count >= width of type [-Wshift-count-overflow]
 #define LARGE_OFF_T (((off_t) 1 << 62) - 1 + ((off_t) 1 << 62))
                                                         ^~
conftest.c:16:13: note: in expansion of macro 'LARGE_OFF_T'
          && LARGE_OFF_T % 2147483647 == 1)
             ^~~~~~~~~~~
conftest.c:15:7: error: variably modified 'off_t_is_large' at file scope
   int off_t_is_large[(LARGE_OFF_T % 2147483629 == 721
       ^~~~~~~~~~~~~~
configure:3203: $? = 1
configure: failed program was:
| /* confdefs.h */
| #define PACKAGE_NAME ""
| #define PACKAGE_TARNAME ""
| #define PACKAGE_VERSION ""
| #define PACKAGE_STRING ""
| #define PACKAGE_BUGREPORT ""
| #define PACKAGE_URL ""
| /* end confdefs.h.  */
| #include <sys/types.h>
|  /* Check that off_t can represent 2**63 - 1 correctly.
|     We can't simply define LARGE_OFF_T to be 9223372036854775807,
|     since some C++ compilers masquerading as C compilers
|     incorrectly reject 9223372036854775807.  */
| #define LARGE_OFF_T (((off_t) 1 << 62) - 1 + ((off_t) 1 << 62))
|   int off_t_is_large[(LARGE_OFF_T % 2147483629 == 721
| 		       && LARGE_OFF_T % 2147483647 == 1)
| 		      ? 1 : -1];
| int
| main ()
| {
| 
|   ;
|   return 0;
| }
configure:3227: gcc -c -g -O2  conftest.c >&5
configure:3227: $? = 0
configure:3235: result: 64
configure:3423: checking for get_current_dir_name in -lc
configure:3448: gcc -o conftest -g -O2   conftest.c -lc   >&5
configure:3448: $? = 0
configure:3457: result: yes
configure:3479: checking for ptsname_r
configure:3479: gcc -o conftest -g -O2   conftest.c -lc  >&5
configure:3479: $? = 0
configure:3479: result: yes
configure:3479: checking for clearenv
configure:3479: gcc -o conftest -g -O2   conftest.c -lc  >&5
configure:3479: $? = 0
configure:3479: result: yes
configure:3479: checking for setresuid
configure:3479: gcc -o conftest -g -O2   conftest.c -lc  >&5
configure:3479: $? = 0
configure:3479: result: yes
configure:3479: checking for initgroups
configure:3479: gcc -o conftest -g -O2   conftest.c -lc  >&5
configure:3479: $? = 0
configure:3479: result: yes
configure:3479: checking for poll
configure:3479: gcc -o conftest -g -O2   conftest.c -lc  >&5
configure:3479: $? = 0
configure:3479: result: yes
configure:3479: checking for mlock
configure:3479: gcc -o conftest -g -O2   conftest.c -lc  >&5
configure:3479: $? = 0
configure:3479: result: yes
configure:3479: checking for mlockall
configure:3479: gcc -o conftest -g -O2   conftest.c -lc  >&5
configure:3479: $? = 0
configure:3479: result: yes
configure:3479: checking for munlockall
configure:3479: gcc -o conftest -g -O2   conftest.c -lc  >&5
configure:3479: $? = 0
configure:3479: result: yes
configure:3479: checking for madvise
configure:3479: gcc -o conftest -g -O2   conftest.c -lc  >&5
configure:3479: $? = 0
configure:3479: result: yes
configure:3479: checking for htonll
configure:3479: gcc -o conftest -g -O2   conftest.c -lc  >&5
/usr/lib/gcc/i486-pc-linux-gnu/8.3.0/../../../../i486-pc-linux-gnu/bin/ld: /tmp/cc8xkPMh.o: in function `main':
/home/colum/work/narrowsh/libUseful-5/conftest.c:55: undefined reference to `htonll'
collect2: error: ld returned 1 exit status
configure:3479: $? = 1
configure: failed program was:
| /* confdefs.h */
| #define PACKAGE_NAME ""
| #define PACKAGE_TARNAME ""
| #define PACKAGE_VERSION ""
| #define PACKAGE_STRING ""
| #define PACKAGE_BUGREPORT ""
| #define PACKAGE_URL ""
| #define _FILE_OFFSET_BITS 64
| #define HAVE_LIBC 1
| #define HAVE_GET_CURR_DIR 1
| #define HAVE_PTSNAME_R 1
| #define HAVE_CLEARENV 1
| #define HAVE_SETRESUID 1
| #define HAVE_INITGROUPS 1
| #define HAVE_POLL 1
| #define HAVE_MLOCK 1
| #define HAVE_MLOCKALL 1
| #define HAVE_MUNLOCKALL 1
| #define HAVE_MADVISE 1
| /* end confdefs.h.  */
| /* Define htonll to an innocuous variant, in case <limits.h> declares htonll.
|    For example, HP-UX 11i <limits.h> declares gettimeofday.  */
| #define htonll innocuous_htonll
| 
| /* System header to define __stub macros and hopefully few prototypes,
|     which can conflict with char htonll (); below.
|     Prefer <limits.h> to <assert.h> if __STDC__ is defined, since
|     <limits.h> exists even on freestanding compilers.  */
| 
| #ifdef __STDC__
| # include <limits.h>
| #else
| # include <assert.h>
| #endif
| 
| #undef htonll
| 
| /* Override any GCC internal prototype to avoid an error.
|    Use char because int might match the return type of a GCC
|    builtin and then its argument prototype would still apply.  */
| #ifdef __cplusplus
| extern "C"
| #endif
| char htonll ();
| /* The GNU C library defines this for functions which it implements
|     to always fail with ENOSYS.  Some functions are actually named
|     something starting with __ and the normal name is an alias.  */
| #if defined __stub_htonll || defined __stub___htonll
| choke me
| #endif
| 
| int
| main ()
| {
| return htonll ();
|   ;
|   return 0;
| }
configure:3479: result: no
configure:3479: checking for ntohll
configure:3479: gcc -o conftest -g -O2   conftest.c -lc  >&5
/usr/lib/gcc/i486-pc-linux-gnu/8.3.0/../../../../i486-pc-linux-gnu/bin/ld: /tmp/ccKzMB1k.o: in function `main':
/home/colum/work/narrowsh/libUseful-5/conftest.c:55: undefined reference to `ntohll'
collect2: error: ld returned 1 exit status
configure:3479: $? = 1
configure: failed program was:
| /* confdefs.h */
| #define PACKAGE_NAME ""
| #define PACKAGE_TARNAME ""
| #define PACKAGE_VERSION ""
| #define PACKAGE_STRING ""
| #define PACKAGE_BUGREPORT ""
| #define PACKAGE_URL ""
| #define _FILE_OFFSET_BITS 64
| #define HAVE_LIBC 1
| #define HAVE_GET_CURR_DIR 1
| #define HAVE_PTSNAME_R 1
| #define HAVE_CLEARENV 1
| #define HAVE_SETRESUID 1
| #define HAVE_INITGROUPS 1
| #define HAVE_POLL 1
| #define HAVE_MLOCK 1
| #define HAVE_MLOCKALL 1
| #define HAVE_MUNLOCKALL 1
| #define HAVE_MADVISE 1
| /* end confdefs.h.  */
| /* Define ntohll to an innocuous variant, in case <limits.h> declares ntohll.
|    For example, HP-UX 11i <limits.h> declares gettimeofday.  */
| #define ntohll innocuous_ntohll
| 
| /* System header to define __stub macros and hopefully few prototypes,
|     which can conflict with char ntohll (); below.
|     Prefer <limits.h> to <assert.h> if __STDC__ is defined, since
|     <limits.h> exists even on freestanding compilers.  */
| 
| #ifdef __STDC__
| # include <limits.h>
| #else
| # include <assert.h>
| #endif
| 
| #undef ntohll
| 
| /* Override any GCC internal prototype to avoid an error.
|    Use char because int might match the return type of a GCC
|    builtin and then its argument prototype would still apply.  */
| #ifdef __cplusplus
| extern "C"
| #endif
| char ntohll ();
| /* The GNU C library defines this for functions which it implements
|     to always fail with ENOSYS.  Some functions are actually named
|     something starting with __ and the normal name is an alias.  */
| #if defined __stub_ntohll || defined __stub___ntohll
| choke me
| #endif
| 
| int
| main ()
| {
| return ntohll ();
|   ;
|   return 0;
| }
configure:3479: result: no
configure:3479: checking for mkostemp
configure:3479: gcc -o conftest -g -O2   conftest.c -lc  >&5
configure:3479: $? = 0
configure:3479: result: yes
configure:3479: checking for mount
configure:3479: gcc -o conftest -g -O2   conftest.c -lc  >&5
configure:3479: $? = 0
configure:3479: result: yes
configure:3479: checking for umount
configure:3479: gcc -o conftest -g -O2   conftest.c -lc  >&5
configure:3479: $? = 0
configure:3479: result: yes
configure:3479: checking for umount2
configure:3479: gcc -o conftest -g -O2   conftest.c -lc  >&5
configure:3479: $? = 0
configure:3479: result: yes
configure:3479: checking for getentropy
configure:3479: gcc -o conftest -g -O2   conftest.c -lc  >&5
configure:3479: $? = 0
configure:3479: result: yes
configure:3479: checking for prctl
configure:3479: gcc -o conftest -g -O2   conftest.c -lc  >&5
configure:3479: $? = 0
configure:3479: result: yes
configure:3504: checking how to run the C preprocessor
configure:3535: gcc -E  conftest.c
configure:3535: $? = 0
configure:3549: gcc -E  conftest.c
conftest.c:27:10: fatal error: ac_nonexistent.h: No such file or directory
 #include <ac_nonexistent.h>
          ^~~~~~~~~~~~~~~~~~
compilation terminated.
configure:3549: $? = 1
configure: failed program was:
| /* confdefs.h */
| #define PACKAGE_NAME ""
| #define PACKAGE_TARNAME ""
| #define PACKAGE_VERSION ""
| #define PACKAGE_STRING ""
| #define PACKAGE_BUGREPORT ""
| #define PACKAGE_URL ""
| #define _FILE_OFFSET_BITS 64
| #define HAVE_LIBC 1
| #define HAVE_GET_CURR_DIR 1
| #define HAVE_PTSNAME_R 1
| #define HAVE_CLEARENV 1
| #define HAVE_SETRESUID 1
| #define HAVE_INITGROUPS 1
| #define HAVE_POLL 1
| #define HAVE_MLOCK 1
| #define HAVE_MLOCKALL 1
| #define HAVE_MUNLOCKALL 1
| #define HAVE_MADVISE 1
| #define HAVE_MKOSTEMP 1
| #define HAVE_MOUNT 1
| #define HAVE_UMOUNT 1
| #define HAVE_UMOUNT2 1
| #define HAVE_GETENTROPY 1
| #define HAVE_PRCTL 1
| /* end confdefs.h.  */
| #include <ac_nonexistent.h>
configure:3574: result: gcc -E
configure:3594: gcc -E  conftest.c
configure:3594: $? = 0
configure:3608: gcc -E  conftest.c
conftest.c:27:10: fatal error: ac_nonexistent.h: No such file or directory
 #include <ac_nonexistent.h>
          ^~~~~~~~~~~~~~~~~~
compilation terminated.
configure:3608: $? = 1
configure: failed program was:
| /* confdefs.h */
| #define PACKAGE_NAME ""
| #define PACKAGE_TARNAME ""
| #define PACKAGE_VERSION ""
| #define PACKAGE_STRING ""
| #define PACKAGE_BUGREPORT ""
| #define PACKAGE_URL ""
| #define _FILE_OFFSET_BITS 64
| #define HAVE_LIBC 1
| #define HAVE_GET_CURR_DIR 1
| #define HAVE_PTSNAME_R 1
| #define HAVE_CLEARENV 1
| #define HAVE_SETRESUID 1
| #define HAVE_INITGROUPS 1
| #define HAVE_POLL 1
| #define HAVE_MLOCK 1
| #define HAVE_MLOCKALL 1
| #define HAVE_MUNLOCKALL 1
| #define HAVE_MADVISE 1
| #define HAVE_MKOSTEMP 1
| #define HAVE_MOUNT 1
| #define HAVE_UMOUNT 1
| #define HAVE_UMOUNT2 1
| #define HAVE_GETENTROPY 1
| #define HAVE_PRCTL 1
| /* end confdefs.h.  */
| #include <ac_nonexistent.h>
configure:3637: checking for ANSI C header files
configure:3657: gcc -c -g -O2  conftest.c >&5
configure:3657: $? = 0
configure:3730: gcc -o conftest -g -O2   conftest.c -lc  >&5
configure:3730: $? = 0
configure:3730: ./conftest
configure:3730: $? = 0
configure:3741: result: yes
configure:3754: checking for sys/types.h
configure:3754: gcc -c -g -O2  conftest.c >&5
configure:3754: $? = 0
configure:3754: result: yes
configure:3754: checking for sys/stat.h
configure:3754: gcc -c -g -O2  conftest.c >&5
configure:3754: $? = 0
configure:3754: result: yes
configure:3754: checking for stdlib.h
configure:3754: gcc -c -g -O2  conftest.c >&5
configure:3754: $? = 0
configure:3754: result: yes
configure:3754: checking for string.h
configure:3754: gcc -c -g -O2  conftest.c >&5
configure:3754: $? = 0
configure:3754: result: yes
configure:3754: checking for memory.h
configure:3754: gcc -c -g -O2  conftest.c >&5
configure:3754: $? = 0
configure:3754: result: yes
configure:3754: checking for strings.h
configure:3754: gcc -c -g -O2  conftest.c >&5
configure:3754: $? = 0
configure:3754: result: yes
configure:3754: checking for inttypes.h
configure:3754: gcc -c -g -O2  conftest.c >&5
configure:3754: $? = 0
configure:3754: result: yes
configure:3754: checking for stdint.h
configure:3754: gcc -c -g -O2  conftest.c >&5
configure:3754: $? = 0
configure:3754: result: yes
configure:3754: checking for unistd.h
configure:3754: gcc -c -g -O2  conftest.c >&5
configure:3754: $? = 0
configure:3754: result: yes
configure:3766: checking sys/sendfile.h usability
configure:3766: gcc -c -g -O2  conftest.c >&5
configure:3766: $? = 0
configure:3766: result: yes
configure:3766: checking sys/sendfile.h presence
configure:3766: gcc -E  conftest.c
configure:3766: $? = 0
configure:3766: result: yes
configure:3766: checking for sys/sendfile.h
configure:3766: result: yes
configure:3776: checking for sendfile
configure:3776: gcc -o conftest -g -O2   conftest.c -lc  >&5
configure:3776: $? = 0
configure:3776: result: yes
configure:3811: checking for getxattr in -lc
configure:3836: gcc -o conftest -g -O2   conftest.c -lc  -lc  >&5
configure:3836: $? = 0
configure:3845: result: yes
configure:3899: checking for unshare in -lc
configure:3924: gcc -o conftest -g -O2   conftest.c -lc  -lc -lc  >&5
configure:3924: $? = 0
configure:3933: result: yes
configure:3951: checking for setns in -lc
configure:3976: gcc -o conftest -g -O2   conftest.c -lc  -lc -lc -lc  >&5
configure:3976: $? = 0
configure:3985: result: yes
configure:4017: checking openssl/crypto.h usability
configure:4017: gcc -c -g -O2  conftest.c >&5
configure:4017: $? = 0
configure:4017: result: yes
configure:4017: checking openssl/crypto.h presence
configure:4017: gcc -E  conftest.c
configure:4017: $? = 0
configure:4017: result: yes
configure:4017: checking for openssl/crypto.h
configure:4017: result: yes
configure:4023: checking openssl/ssl.h usability
configure:4023: gcc -c -g -O2  conftest.c >&5
configure:4023: $? = 0
configure:4023: result: yes
configure:4023: checking openssl/ssl.h presence
configure:4023: gcc -E  conftest.c
configure:4023: $? = 0
configure:4023: result: yes
configure:4023: checking for openssl/ssl.h
configure:4023: result: yes
configure:4038: checking for EVP_CIPHER_CTX_init in -lcrypto
configure:4063: gcc -o conftest -g -O2   conftest.c -lcrypto  -lc -lc -lc -lc  >&5
configure:4063: $? = 0
configure:4072: result: yes
configure:4136: checking for SSL_library_init in -lssl
configure:4161: gcc -o conftest -g -O2   conftest.c -lssl  -lcrypto -lc -lc -lc -lc  >&5
configure:4161: $? = 0
configure:4170: result: yes
configure:4242: checking for OpenSSL_add_all_algorithms
configure:4242: gcc -o conftest -g -O2   conftest.c -lssl -lcrypto -lc -lc -lc -lc  >&5
/usr/lib/gcc/i486-pc-linux-gnu/8.3.0/../../../../i486-pc-linux-gnu/bin/ld: /tmp/cckO8C5M.o: in function `main':
/home/colum/work/narrowsh/libUseful-5/conftest.c:81: undefined reference to `OpenSSL_add_all_algorithms'
collect2: error: ld returned 1 exit status
configure:4242: $? = 1
configure: failed program was:
| /* confdefs.h */
| #define PACKAGE_NAME ""
| #define PACKAGE_TARNAME ""
| #define PACKAGE_VERSION ""
| #define PACKAGE_STRING ""
| #define PACKAGE_BUGREPORT ""
| #define PACKAGE_URL ""
| #define _FILE_OFFSET_BITS 64
| #define HAVE_LIBC 1
| #define HAVE_GET_CURR_DIR 1
| #define HAVE_PTSNAME_R 1
| #define HAVE_CLEARENV 1
| #define HAVE_SETRESUID 1
| #define HAVE_INITGROUPS 1
| #define HAVE_POLL 1
| #define HAVE_MLOCK 1
| #define HAVE_MLOCKALL 1
| #define HAVE_MUNLOCKALL 1
| #define HAVE_MADVISE 1
| #define HAVE_MKOSTEMP 1
| #define HAVE_MOUNT 1
| #define HAVE_UMOUNT 1
| #define HAVE_UMOUNT2 1
| #define HAVE_GETENTROPY 1
| #define HAVE_PRCTL 1
| #define STDC_HEADERS 1
| #define HAVE_SYS_TYPES_H 1
| #define HAVE_SYS_STAT_H 1
| #define HAVE_STDLIB_H 1
| #define HAVE_STRING_H 1
| #define HAVE_MEMORY_H 1
| #define HAVE_STRINGS_H 1
| #define HAVE_INTTYPES_H 1
| #define HAVE_STDINT_H 1
| #define HAVE_UNISTD_H 1
| #define HAVE_SENDFILE 1
| #define USE_INET6 1
| #define HAVE_LIBC 1
| #define HAVE_XATTR 1
| #define HAVE_LIBC 1
| #define HAVE_UNSHARE 1
| #define HAVE_LIBC 1
| #define HAVE_SETNS 1
| #define HAVE_LIBCRYPTO 1
| #define HAVE_LIBSSL 1
| /* end confdefs.h.  */
| /* Define OpenSSL_add_all_algorithms to an innocuous variant, in case <limits.h> declares OpenSSL_add_all_algorithms.
|    For example, HP-UX 11i <limits.h> declares gettimeofday.  */
| #define OpenSSL_add_all_algorithms innocuous_OpenSSL_add_all_algorithms
| 
| /* System header to define __stub macros and hopefully few prototypes,
|     which can conflict with char OpenSSL_add_all_algorithms (); below.
|     Prefer <limits.h> to <assert.h> if __STDC__ is defined, since
|     <limits.h> exists even on freestanding compilers.  */
| 
| #ifdef __STDC__
| # include <limits.h>
| #else
| # include <assert.h>
| #endif
| 
| #undef OpenSSL_add_all_algorithms
| 
| /* Override any GCC internal prototype to avoid an error.
|    Use char because int might match the return type of a GCC
|    builtin and then its argument prototype would still apply.  */
| #ifdef __cplusplus
| extern "C"
| #endif
| char OpenSSL_add_all_algorithms ();
| /* The GNU C library defines this for functions which it implements
|     to always fail with ENOSYS.  Some functions are actually named
|     something starting with __ and the normal name is an alias.  */
| #if defined __stub_OpenSSL_add_all_algorithms || defined __stub___OpenSSL_add_all_algorithms
| choke me
| #endif
| 
| int
| main ()
| {
| return OpenSSL_add_all_algorithms ();
|   ;
|   return 0;
| }
configure:4242: result: no
configure:4242: checking for EVP_MD_CTX_create
configure:4242: gcc -o conftest -g -O2   conftest.c -lssl -lcrypto -lc -lc -lc -lc  >&5
configure:4242: $? = 0
configure:4242: result: yes
configure:4242: checking for EVP_MD_CTX_new
configure:4242: gcc -o conftest -g -O2   conftest.c -lssl -lcrypto -lc -lc -lc -lc  >&5
configure:4242: $? = 0
configure:4242: result: yes
configure:4242: checking for EVP_MD_CTX_destroy
configure:4242: gcc -o conftest -g -O2   conftest.c -lssl -lcrypto -lc -lc -lc -lc  >&5
configure:4242: $? = 0
configure:4242: result: yes
configure:4242: checking for EVP_MD_CTX_free
configure:4242: gcc -o conftest -g -O2   conftest.c -lssl -lcrypto -lc -lc -lc -lc  >&5
configure:4242: $? = 0
configure:4242: result: yes
configure:4242: checking for X509_check_host
configure:4242: gcc -o conftest -g -O2   conftest.c -lssl -lcrypto -lc -lc -lc -lc  >&5
configure:4242: $? = 0
configure:4242: result: yes
configure:4242: checking for SSL_set_tlsext_host_name
configure:4242: gcc -o conftest -g -O2   conftest.c -lssl -lcrypto -lc -lc -lc -lc  >&5
/usr/lib/gcc/i486-pc-linux-gnu/8.3.0/../../../../i486-pc-linux-gnu/bin/ld: /tmp/cc6FZCzw.o: in function `main':
/home/colum/work/narrowsh/libUseful-5/conftest.c:86: undefined reference to `SSL_set_tlsext_host_name'
collect2: error: ld returned 1 exit status
configure:4242: $? = 1
configure: failed program was:
| /* confdefs.h */
| #define PACKAGE_NAME ""
| #define PACKAGE_TARNAME ""
| #define PACKAGE_VERSION ""
| #define PACKAGE_STRING ""
| #define PACKAGE_BUGREPORT ""
| #define PACKAGE_URL ""
| #define _FILE_OFFSET_BITS 64
| #define HAVE_LIBC 1
| #define HAVE_GET_CURR_DIR 1
| #define HAVE_PTSNAME_R 1
| #define HAVE_CLEARENV 1
| #define HAVE_SETRESUID 1
| #define HAVE_INITGROUPS 1
| #define HAVE_POLL 1
| #define HAVE_MLOCK 1
| #define HAVE_MLOCKALL 1
| #define HAVE_MUNLOCKALL 1
| #define HAVE_MADVISE 1
| #define HAVE_MKOSTEMP 1
| #define HAVE_MOUNT 1
| #define HAVE_UMOUNT 1
| #define HAVE_UMOUNT2 1
| #define HAVE_GETENTROPY 1
| #define HAVE_PRCTL 1
| #define STDC_HEADERS 1
| #define HAVE_SYS_TYPES_H 1
| #define HAVE_SYS_STAT_H 1
| #define HAVE_STDLIB_H 1
| #define HAVE_STRING_H 1
| #define HAVE_MEMORY_H 1
| #define HAVE_STRINGS_H 1
| #define HAVE_INTTYPES_H 1
| #define HAVE_STDINT_H 1
| #define HAVE_UNISTD_H 1
| #define HAVE_SENDFILE 1
| #define USE_INET6 1
| #define HAVE_LIBC 1
| #define HAVE_XATTR 1
| #define HAVE_LIBC 1
| #define HAVE_UNSHARE 1
| #define HAVE_LIBC 1
| #define HAVE_SETNS 1
| #define HAVE_LIBCRYPTO 1
| #define HAVE_LIBSSL 1
| #define HAVE_EVP_MD_CTX_CREATE 1
| #define HAVE_EVP_MD_CTX_NEW 1
| #define HAVE_EVP_MD_CTX_DESTROY 1
| #define HAVE_EVP_MD_CTX_FREE 1
| #define HAVE_X509_CHECK_HOST 1
| /* end confdefs.h.  */
| /* Define SSL_set_tlsext_host_name to an innocuous variant, in case <limits.h> declares SSL_set_tlsext_host_name.
|    For example, HP-UX 11i <limits.h> declares gettimeofday.  */
| #define SSL_set_tlsext_host_name innocuous_SSL_set_tlsext_host_name
| 
| /* System header to define __stub macros and hopefully few prototypes,
|     which can conflict with char SSL_set_tlsext_host_name (); below.
|     Prefer <limits.h> to <assert.h> if __STDC__ is defined, since
|     <limits.h> exists even on freestanding compilers.  */
| 
| #ifdef __STDC__
| # include <limits.h>
| #else
| # include <assert.h>
| #endif
| 
| #undef SSL_set_tlsext_host_name
| 
| /* Override any GCC internal prototype to avoid an error.
|    Use char because int might match the return type of a GCC
|    builtin and then its argument prototype would still apply.  */
| #ifdef __cplusplus
| extern "C"
| #endif
| char SSL_set_tlsext_host_name ();
| /* The GNU C library defines this for functions which it implements
|     to always fail with ENOSYS.  Some functions are actually named
|     something starting with __ and the normal name is an alias.  */
| #if defined __stub_SSL_set_tlsext_host_name || defined __stub___SSL_set_tlsext_host_name
| choke me
| #endif
| 
| int
| main ()
| {
| return SSL_set_tlsext_host_name ();
|   ;
|   return 0;
| }
configure:4242: result: no
configure:4242: checking for SSL_set_min_proto_version
configure:4242: gcc -o conftest -g -O2   conftest.c -lssl -lcrypto -lc -lc -lc -lc  >&5
configure:4242: $? = 0
configure:4242: result: yes
configure:4242: checking for EVP_CIPHER_fetch
configure:4242: gcc -o conftest -g -O2   conftest.c -lssl -lcrypto -lc -lc -lc -lc  >&5
/usr/lib/gcc/i486-pc-linux-gnu/8.3.0/../../../../i486-pc-linux-gnu/bin/ld: /tmp/ccEmm6ZJ.o: in function `main':
/home/colum/work/narrowsh/libUseful-5/conftest.c:87: undefined reference to `EVP_CIPHER_fetch'
collect2: error: ld returned 1 exit status
configure:4242: $? = 1
configure: failed program was:
| /* confdefs.h */
| #define PACKAGE_NAME ""
| #define PACKAGE_TARNAME ""
| #define PACKAGE_VERSION ""
| #define PACKAGE_STRING ""
| #define PACKAGE_BUGREPORT ""
| #define PACKAGE_URL ""
| #define _FILE_OFFSET_BITS 64
| #define HAVE_LIBC 1
| #define HAVE_GET_CURR_DIR 1
| #define HAVE_PTSNAME_R 1
| #define HAVE_CLEARENV 1
| #define HAVE_SETRESUID 1
| #define HAVE_INITGROUPS 1
| #define HAVE_POLL 1
| #define HAVE_MLOCK 1
| #define HAVE_MLOCKALL 1
| #define HAVE_MUNLOCKALL 1
| #define HAVE_MADVISE 1
| #define HAVE_MKOSTEMP 1
| #define HAVE_MOUNT 1
| #define HAVE_UMOUNT 1
| #define HAVE_UMOUNT2 1
| #define HAVE_GETENTROPY 1
| #define HAVE_PRCTL 1
| #define STDC_HEADERS 1
| #define HAVE_SYS_TYPES_H 1
| #define HAVE_SYS_STAT_H 1
| #define HAVE_STDLIB_H 1
| #define HAVE_STRING_H 1
| #define HAVE_MEMORY_H 1
| #define HAVE_STRINGS_H 1
| #define HAVE_INTTYPES_H 1
| #define HAVE_STDINT_H 1
| #define HAVE_UNISTD_H 1
| #define HAVE_SENDFILE 1
| #define USE_INET6 1
| #define HAVE_LIBC 1
| #define HAVE_XATTR 1
| #define HAVE_LIBC 1
| #define HAVE_UNSHARE 1
| #define HAVE_LIBC 1
| #define HAVE_SETNS 1
| #define HAVE_LIBCRYPTO 1
| #define HAVE_LIBSSL 1
| #define HAVE_EVP_MD_CTX_CREATE 1
| #define HAVE_EVP_MD_CTX_NEW 1
| #define HAVE_EVP_MD_CTX_DESTROY 1
| #define HAVE_EVP_MD_CTX_FREE 1
| #define HAVE_X509_CHECK_HOST 1
| #define HAVE_SSL_SET_MIN_PROTO_VERSION 1
| /* end confdefs.h.  */
| /* Define EVP_CIPHER_fetch to an innocuous variant, in case <limits.h> declares EVP_CIPHER_fetch.
|    For example, HP-UX 11i <limits.h> declares gettimeofday.  */
| #define EVP_CIPHER_fetch innocuous_EVP_CIPHER_fetch
| 
| /* System header to define __stub macros and hopefully few prototypes,
|     which can conflict with char EVP_CIPHER_fetch (); below.
|     Prefer <limits.h> to <assert.h> if __STDC__ is defined, since
|     <limits.h> exists even on freestanding compilers.  */
| 
| #ifdef __STDC__
| # include <limits.h>
| #else
| # include <assert.h>
| #endif
| 
| #undef EVP_CIPHER_fetch
| 
| /* Override any GCC internal prototype to avoid an error.
|    Use char because int might match the return type of a GCC
|    builtin and then its argument prototype would still apply.  */
| #ifdef __cplusplus
| extern "C"
| #endif
| char EVP_CIPHER_fetch ();
| /* The GNU C library defines this for functions which it implements
|     to always fail with ENOSYS.  Some functions are actually named
|     something starting with __ and the normal name is an alias.  */
| #if defined __stub_EVP_CIPHER_fetch || defined __stub___EVP_CIPHER_fetch
| choke me
| #endif
| 
| int
| main ()
| {
| return EVP_CIPHER_fetch ();
|   ;
|   return 0;
| }
configure:4242: result: no
configure:4253: checking whether OpenSSL_add_all_algorithms is declared
configure:4253: gcc -c -g -O2  conftest.c >&5
configure:4253: $? = 0
configure:4253: result: yes
configure:4269: checking whether SSL_set_tlsext_host_name is declared
configure:4269: gcc -c -g -O2  conftest.c >&5
configure:4269: $? = 0
configure:4269: result: yes
configure:4286: checking that OpenSSL Library is at least version 0.9.7
configure:4300: result: yes
configure:4331: checking for deflate in -lz
configure:4356: gcc -o conftest -g -O2   conftest.c -lz  -lssl -lcrypto -lc -lc -lc -lc  >&5
configure:4356: $? = 0
configure:4365: result: yes
configure:4626: creating ./config.status

## ---------------------- ##
## Running config.status. ##
## ---------------------- ##

This file was extended by config.status, which was
generated by GNU Autoconf 2.69.  Invocation command line was

  CONFIG_FILES    = 
  CONFIG_HEADERS  = 
  CONFIG_LINKS    = 
  CONFIG_COMMANDS = 
  $ ./config.status 

on beast

config.status:731: creating Makefile

## ---------------- ##
## Cache variables. ##
## ---------------- ##

ac_cv_c_compiler_gnu=yes
ac_cv_env_CC_set=
ac_cv_env_CC_value=
ac_cv_env_CFLAGS_set=
ac_cv_env_CFLAGS_value=
ac_cv_env_CPPFLAGS_set=
ac_cv_env_CPPFLAGS_value=
ac_cv_env_CPP_set=
ac_cv_env_CPP_value=
ac_cv_env_LDFLAGS_set=
ac_cv_env_LDFLAGS_value=
ac_cv_env_LIBS_set=
ac_cv_env_LIBS_value=
ac_cv_env_build_alias_set=
ac_cv_env_build_alias_value=
ac_cv_env_host_alias_set=
ac_cv_env_host_alias_value=
ac_cv_env_target_alias_set=
ac_cv_env_target_alias_value=
ac_cv_func_EVP_CIPHER_fetch=no
ac_cv_func_EVP_MD_CTX_create=yes
ac_cv_func_EVP_MD_CTX_destroy=yes
ac_cv_func_EVP_MD_CTX_free=yes
ac_cv_func_EVP_MD_CTX_new=yes
ac_cv_func_OpenSSL_add_all_algorithms=no
ac_cv_func_SSL_set_min_proto_version=yes
ac_cv_func_SSL_set_tlsext_host_name=no
ac_cv_func_X509_check_host=yes
ac_cv_func_clearenv=yes
ac_cv_func_getentropy=yes
ac_cv_func_htonll=no
ac_cv_func_initgroups=yes
ac_cv_func_madvise=yes
ac_cv_func_mkostemp=yes
ac_cv_func_mlock=yes
ac_cv_func_mlockall=yes
ac_cv_func_mount=yes
ac_cv_func_munlockall=yes
ac_cv_func_ntohll=no
ac_cv_func_poll=yes
ac_cv_func_prctl=yes
ac_cv_func_ptsname_r=yes
ac_cv_func_sendfile=yes
ac_cv_func_setresuid=yes
ac_cv_func_umount2=yes
ac_cv_func_umount=yes
ac_cv_have_decl_OpenSSL_add_all_algorithms=yes
ac_cv_have_decl_SSL_set_tlsext_host_name=yes
ac_cv_header_inttypes_h=yes
ac_cv_header_memory_h=yes
ac_cv_header_openssl_crypto_h=yes
ac_cv_header_openssl_ssl_h=yes
ac_cv_header_stdc=yes
ac_cv_header_stdint_h=yes
ac_cv_header_stdlib_h=yes
ac_cv_header_string_h=yes
ac_cv_header_strings_h=yes
ac_cv_header_sys_sendfile_h=yes
ac_cv_header_sys_stat_h=yes
ac_cv_header_sys_types_h=yes
ac_cv_header_unistd_h=yes
ac_cv_lib_c_get_current_dir_name=yes
ac_cv_lib_c_getxattr=yes
ac_cv_lib_c_setns=yes
ac_cv_lib_c_unshare=yes
ac_cv_lib_crypto_EVP_CIPHER_CTX_init=yes
ac_cv_lib_ssl_SSL_library_init=yes
ac_cv_lib_z_deflate=yes
ac_cv_objext=o
ac_cv_path_EGREP='/bin/grep -E'
ac_cv_path_GREP=/bin/grep
ac_cv_prog_CPP='gcc -E'
ac_cv_prog_ac_ct_CC=gcc
ac_cv_prog_cc_c89=
ac_cv_prog_cc_g=yes
ac_cv_prog_make_make_set=yes
ac_cv_sys_file_offset_bits=64
ac_cv_sys_largefile_CC=no

## ----------------- ##
## Output variables. ##
## ----------------- ##

CC='gcc'
CFLAGS='-g -O2'
CPP='gcc -E'
CPPFLAGS=''
DEFS='-DPACKAGE_NAME=\"\" -DPACKAGE_TARNAME=\"\" -DPACKAGE_VERSION=\"\" -DPACKAGE_STRING=\"\" -DPACKAGE_BUGREPORT=\"\" -DPACKAGE_URL=\"\" -D_FILE_OFFSET_BITS=64 -DHAVE_LIBC=1 -DHAVE_GET_CURR_DIR=1 -DHAVE_PTSNAME_R=1 -DHAVE_CLEARENV=1 -DHAVE_SETRESUID=1 -DHAVE_INITGROUPS=1 -DHAVE_POLL=1 -DHAVE_MLOCK=1 -DHAVE_MLOCKALL=1 -DHAVE_MUNLOCKALL=1 -DHAVE_MADVISE=1 -DHAVE_MKOSTEMP=1 -DHAVE_MOUNT=1 -DHAVE_UMOUNT=1 -DHAVE_UMOUNT2=1 -DHAVE_GETENTROPY=1 -DHAVE_PRCTL=1 -DSTDC_HEADERS=1 -DHAVE_SYS_TYPES_H=1 -DHAVE_SYS_STAT_H=1 -DHAVE_STDLIB_H=1 -DHAVE_STRING_H=1 -DHAVE_MEMORY_H=1 -DHAVE_STRINGS_H=1 -DHAVE_INTTYPES_H=1 -DHAVE_STDINT_H=1 -DHAVE_UNISTD_H=1 -DHAVE_SENDFILE=1 -DUSE_INET6=1 -DHAVE_LIBC=1 -DHAVE_XATTR=1 -DHAVE_LIBC=1 -DHAVE_UNSHARE=1 -DHAVE_LIBC=1 -DHAVE_SETNS=1 -DHAVE_LIBCRYPTO=1 -DHAVE_LIBSSL=1 -DHAVE_EVP_MD_CTX_CREATE=1 -DHAVE_EVP_MD_CTX_NEW=1 -DHAVE_EVP_MD_CTX_DESTROY=1 -DHAVE_EVP_MD_CTX_FREE=1 -DHAVE_X509_CHECK_HOST=1 -DHAVE_SSL_SET_MIN_PROTO_VERSION=1 -DHAVE_DECL_OPENSSL_ADD_ALL_ALGORITHMS=1 -DHAVE_OPENSSL_ADD_ALL_ALGORITHMS=1 -DHAVE_DECL_SSL_SET_TLSEXT_HOST_NAME=1 -DHAVE_SSL_SET_TLSEXT_HOST_NAME=1 -DHAVE_LIBZ=1'
ECHO_C=''
ECHO_N='-n'
ECHO_T=''
EGREP='/bin/grep -E'
EXEEXT=''
GREP='/bin/grep'
LDFLAGS=''
LIBOBJS=''
LIBS='-lz -lssl -lcrypto -lc -lc -lc -lc '
LTLIBOBJS=''
OBJEXT='o'
PACKAGE_BUGREPORT=''
PACKAGE_NAME=''
PACKAGE_STRING=''
PACKAGE_TARNAME=''
PACKAGE_URL=''
PACKAGE_VERSION=''
PATH_SEPARATOR=':'
SET_MAKE=''
SHELL='/bin/sh'
SIMD_CFLAGS=''
SONAME_FLAGS='-Wl,-soname,${SONAME}'
ac_ct_CC='gcc'
bindir='${exec_prefix}/bin'
build_alias=''
datadir='${datarootdir}'
datarootdir='${prefix}/share'
docdir='${datarootdir}/doc/${PACKAGE}'
dvidir='${docdir}'
exec_prefix='${prefix}'
host_alias=''
htmldir='${docdir}'
includedir='${prefix}/include'
infodir='${datarootdir}/info'
libdir='${exec_prefix}/lib'
libexecdir='${exec_prefix}/libexec'
localedir='${datarootdir}/locale'
localstatedir='${prefix}/var'
mandir='${datarootdir}/man'
oldincludedir='/usr/include'
pdfdir='${docdir}'
prefix='/usr/local'
program_transform_name='s,x,x,'
psdir='${docdir}'
sbindir='${exec_prefix}/sbin'
sharedstatedir='${prefix}/com'
sysconfdir='${prefix}/etc'
target_alias=''

## ----------- ##
## confdefs.h. ##
## ----------- ##

/* confdefs.h */
#define PACKAGE_NAME ""
#define PACKAGE_TARNAME ""
#define PACKAGE_VERSION ""
#define PACKAGE_STRING ""
#define PACKAGE_BUGREPORT ""
#define PACKAGE_URL ""
#define _FILE_OFFSET_BITS 64
#define HAVE_LIBC 1
#define HAVE_GET_CURR_DIR 1
#define HAVE_PTSNAME_R 1
#define HAVE_CLEARENV 1
#define HAVE_SETRESUID 1
#define HAVE_INITGROUPS 1
#define HAVE_POLL 1
#define HAVE_MLOCK 1
#define HAVE_MLOCKALL 1
#define HAVE_MUNLOCKALL 1
#define HAVE_MADVISE 1
#define HAVE_MKOSTEMP 1
#define HAVE_MOUNT 1
#define HAVE_UMOUNT 1
#define HAVE_UMOUNT2 1
#define HAVE_GETENTROPY 1
#define HAVE_PRCTL 1
#define STDC_HEADERS 1
#define HAVE_SYS_TYPES_H 1
#define HAVE_SYS_STAT_H 1
#define HAVE_STDLIB_H 1
#define HAVE_STRING_H 1
#define HAVE_MEMORY_H 1
#define HAVE_STRINGS_H 1
#define HAVE_INTTYPES_H 1
#define HAVE_STDINT_H 1
#define HAVE_UNISTD_H 1
#define HAVE_SENDFILE 1
#define USE_INET6 1
#define HAVE_LIBC 1
#define HAVE_XATTR 1
#define HAVE_LIBC 1
#define HAVE_UNSHARE 1
#define HAVE_LIBC 1
#define HAVE_SETNS 1
#define HAVE_LIBCRYPTO 1
#define HAVE_LIBSSL 1
#define HAVE_EVP_MD_CTX_CREATE 1
#define HAVE_EVP_MD_CTX_NEW 1
#define HAVE_EVP_MD_CTX_DESTROY 1
#define HAVE_EVP_MD_CTX_FREE 1
#define HAVE_X509_CHECK_HOST 1
#define HAVE_SSL_SET_MIN_PROTO_VERSION 1
#define HAVE_DECL_OPENSSL_ADD_ALL_ALGORITHMS 1
#define HAVE_OPENSSL_ADD_ALL_ALGORITHMS 1
#define HAVE_DECL_SSL_SET_TLSEXT_HOST_NAME 1
#define HAVE_SSL_SET_TLSEXT_HOST_NAME 1
#define HAVE_LIBZ 1

configure: exit 0
